===========================================
CPL Engine Client - Log File
Date: 2026-02-26
Started: 15:08:15
Location: D:\SURYA\.DEVELOPMENT\.PROJECTS\Project No XXX_PCB_Tester Comminent\Comminent PCB Tester\Comminent-PCB-Tester\src\core\dlls\logs
===========================================

===========================================
CPL Engine Client - Log File
Date: 2026-02-26
Started: 15:08:15
Location: D:\SURYA\.DEVELOPMENT\.PROJECTS\Project No XXX_PCB_Tester Comminent\Comminent PCB Tester\Comminent-PCB-Tester\src\core\dlls\logs
===========================================

[2026-02-26 15:08:15.093] [LOGSENDER] Background log upload monitor started
[2026-02-26 15:08:15.093] [LOGSENDER] Background services initialized
[2026-02-26 15:08:15.093] [LOGGER] Current LogLevel is Info
[2026-02-26 15:08:15.170] [INFO ] [LogSenderBlockingMonitor] Initialized | Folders=1 | Interval=5s
[2026-02-26 15:08:15.173] [INFO ] [LogSenderBlockingMonitor] RUN started
===========================================
CPL Engine Client - Log File
Date: 2026-02-26
Started: 15:32:18
Location: D:\SURYA\.DEVELOPMENT\.PROJECTS\Project No XXX_PCB_Tester Comminent\Comminent PCB Tester\Comminent-PCB-Tester\src\core\dlls\logs
===========================================

[2026-02-26 15:32:18.509] [LOGSENDER] Background log upload monitor started
[2026-02-26 15:32:18.509] [LOGSENDER] Background services initialized
[2026-02-26 15:32:18.509] [LOGGER] Current LogLevel is Info
[2026-02-26 15:32:18.622] [INFO ] [LogSenderBlockingMonitor] Initialized | Folders=1 | Interval=5s
[2026-02-26 15:32:18.625] [INFO ] [LogSenderBlockingMonitor] RUN started
===========================================
CPL Engine Client - Log File
Date: 2026-02-26
Started: 15:33:00
Location: D:\SURYA\.DEVELOPMENT\.PROJECTS\Project No XXX_PCB_Tester Comminent\Comminent PCB Tester\Comminent-PCB-Tester\src\core\dlls\logs
===========================================

[2026-02-26 15:33:00.486] [LOGSENDER] Background log upload monitor started
[2026-02-26 15:33:00.486] [LOGSENDER] Background services initialized
[2026-02-26 15:33:00.487] [LOGGER] Current LogLevel is Info
[2026-02-26 15:33:00.598] [INFO ] [LogSenderBlockingMonitor] Initialized | Folders=1 | Interval=5s
[2026-02-26 15:33:00.602] [INFO ] [LogSenderBlockingMonitor] RUN started
[2026-02-26 15:38:51.628] [ERROR] Producer error: cpl-db.comminent.com:29092/bootstrap: Connect to ipv6#[2406:da1a:d37:9201:b303:e6f1:28e:a2e0]:29092 failed: Unknown error
[2026-02-26 15:38:51.629] [ERROR] Producer error: 1/1 brokers are down
[2026-02-26 15:38:52.820] [INFO ] Message payload suppressed (length=11641)
[2026-02-26 15:38:53.862] [INFO ] Message payload suppressed (length=11653)
[2026-02-26 15:38:53.863] [INFO ] SUCCESS: All pending log files uploaded to CPL Engine Server.
[2026-02-26 15:38:58.878] [INFO ] SUCCESS: All files were already uploaded. No action required.
[2026-02-26 15:39:03.893] [WARN ] INVALID FILE NAME. Must start with 'CPL-PSU-'. File: ~$CPL-PSU-PSU34IN53202PDB090126PS000174_FAIL.xlsx
[2026-02-26 15:39:03.923] [INFO ] SUCCESS: All files were already uploaded. No action required.
[2026-02-26 15:39:08.938] [INFO ] SUCCESS: All files were already uploaded. No action required.
[2026-02-26 15:39:13.954] [INFO ] SUCCESS: All files were already uploaded. No action required.
[2026-02-26 15:39:18.961] [INFO ] SUCCESS: All files were already uploaded. No action required.
[2026-02-26 15:39:23.975] [WARN ] INVALID FILE NAME. Must start with 'CPL-PSU-'. File: ~$CPL-PSU-PSU34IN53202PDB090126PS000175_FAIL.xlsx
[2026-02-26 15:39:23.977] [INFO ] SUCCESS: All files were already uploaded. No action required.
[2026-02-26 15:39:28.981] [INFO ] SUCCESS: All files were already uploaded. No action required.
[2026-02-26 15:39:34.000] [INFO ] SUCCESS: All files were already uploaded. No action required.
[2026-02-26 15:39:39.007] [INFO ] SUCCESS: All files were already uploaded. No action required.
[2026-02-26 15:39:44.021] [INFO ] SUCCESS: All files were already uploaded. No action required.
[2026-02-26 15:39:49.031] [INFO ] SUCCESS: All files were already uploaded. No action required.
[2026-02-26 15:39:54.045] [INFO ] SUCCESS: All files were already uploaded. No action required.
[2026-02-26 15:39:59.065] [INFO ] SUCCESS: All files were already uploaded. No action required.
[2026-02-26 15:40:04.076] [INFO ] SUCCESS: All files were already uploaded. No action required.
[2026-02-26 15:40:09.094] [INFO ] SUCCESS: All files were already uploaded. No action required.
[2026-02-26 15:40:14.105] [INFO ] SUCCESS: All files were already uploaded. No action required.
[2026-02-26 15:40:19.121] [INFO ] SUCCESS: All files were already uploaded. No action required.
[2026-02-26 15:40:24.137] [INFO ] SUCCESS: All files were already uploaded. No action required.
[2026-02-26 15:40:29.150] [INFO ] SUCCESS: All files were already uploaded. No action required.
[2026-02-26 15:40:34.156] [INFO ] SUCCESS: All files were already uploaded. No action required.
[2026-02-26 15:40:39.163] [INFO ] SUCCESS: All files were already uploaded. No action required.
[2026-02-26 15:40:44.178] [INFO ] SUCCESS: All files were already uploaded. No action required.
[2026-02-26 15:40:49.190] [INFO ] SUCCESS: All files were already uploaded. No action required.
[2026-02-26 15:40:54.206] [INFO ] SUCCESS: All files were already uploaded. No action required.
[2026-02-26 15:40:59.226] [INFO ] SUCCESS: All files were already uploaded. No action required.
[2026-02-26 15:41:04.244] [INFO ] SUCCESS: All files were already uploaded. No action required.
[2026-02-26 15:41:09.259] [INFO ] SUCCESS: All files were already uploaded. No action required.
[2026-02-26 15:41:14.268] [INFO ] SUCCESS: All files were already uploaded. No action required.
[2026-02-26 15:41:19.274] [INFO ] SUCCESS: All files were already uploaded. No action required.
[2026-02-26 15:41:24.281] [INFO ] SUCCESS: All files were already uploaded. No action required.
[2026-02-26 15:41:29.290] [INFO ] SUCCESS: All files were already uploaded. No action required.
[2026-02-26 15:41:34.305] [INFO ] SUCCESS: All files were already uploaded. No action required.
[2026-02-26 15:41:39.315] [INFO ] SUCCESS: All files were already uploaded. No action required.
[2026-02-26 15:41:44.322] [INFO ] SUCCESS: All files were already uploaded. No action required.
[2026-02-26 15:41:49.325] [INFO ] SUCCESS: All files were already uploaded. No action required.
[2026-02-26 15:41:54.331] [INFO ] SUCCESS: All files were already uploaded. No action required.
[2026-02-26 15:41:59.348] [INFO ] SUCCESS: All files were already uploaded. No action required.
[2026-02-26 15:42:04.357] [INFO ] SUCCESS: All files were already uploaded. No action required.
[2026-02-26 15:42:09.363] [INFO ] SUCCESS: All files were already uploaded. No action required.
[2026-02-26 15:42:14.369] [INFO ] SUCCESS: All files were already uploaded. No action required.
[2026-02-26 15:42:19.377] [INFO ] SUCCESS: All files were already uploaded. No action required.
[2026-02-26 15:42:24.392] [INFO ] SUCCESS: All files were already uploaded. No action required.
[2026-02-26 15:42:29.399] [INFO ] SUCCESS: All files were already uploaded. No action required.
[2026-02-26 15:42:34.431] [INFO ] SUCCESS: All files were already uploaded. No action required.
[2026-02-26 15:42:39.446] [INFO ] SUCCESS: All files were already uploaded. No action required.
[2026-02-26 15:49:51.074] [INFO ] Message payload suppressed (length=11661)
[2026-02-26 15:49:52.118] [INFO ] Message payload suppressed (length=11665)
[2026-02-26 15:49:52.119] [INFO ] SUCCESS: All pending log files uploaded to CPL Engine Server.
[2026-02-26 15:49:57.127] [INFO ] SUCCESS: All files were already uploaded. No action required.
[2026-02-26 15:50:02.142] [INFO ] SUCCESS: All files were already uploaded. No action required.
[2026-02-26 15:50:07.158] [INFO ] SUCCESS: All files were already uploaded. No action required.
[2026-02-26 15:50:12.175] [INFO ] SUCCESS: All files were already uploaded. No action required.
[2026-02-26 15:50:17.186] [INFO ] SUCCESS: All files were already uploaded. No action required.
[2026-02-26 15:50:22.197] [INFO ] SUCCESS: All files were already uploaded. No action required.
[2026-02-26 15:50:27.205] [WARN ] INVALID FILE NAME. Must start with 'CPL-PSU-'. File: ~$CPL-PSU-PSU34IN53202PDB090126PS000174_FAIL.xlsx
[2026-02-26 15:50:27.207] [INFO ] SUCCESS: All files were already uploaded. No action required.
[2026-02-26 15:50:32.224] [INFO ] SUCCESS: All files were already uploaded. No action required.
[2026-02-26 15:50:37.242] [INFO ] SUCCESS: All files were already uploaded. No action required.
[2026-02-26 15:50:42.254] [INFO ] SUCCESS: All files were already uploaded. No action required.
[2026-02-26 15:50:47.261] [INFO ] SUCCESS: All files were already uploaded. No action required.
[2026-02-26 15:50:52.266] [INFO ] SUCCESS: All files were already uploaded. No action required.
[2026-02-26 15:50:57.281] [INFO ] SUCCESS: All files were already uploaded. No action required.
[2026-02-26 15:51:02.287] [INFO ] SUCCESS: All files were already uploaded. No action required.
[2026-02-26 15:51:07.291] [INFO ] SUCCESS: All files were already uploaded. No action required.
[2026-02-26 15:51:12.294] [INFO ] SUCCESS: All files were already uploaded. No action required.
[2026-02-26 15:51:17.299] [INFO ] SUCCESS: All files were already uploaded. No action required.
[2026-02-26 15:51:22.306] [INFO ] SUCCESS: All files were already uploaded. No action required.
[2026-02-26 15:51:27.313] [INFO ] SUCCESS: All files were already uploaded. No action required.
[2026-02-26 15:51:32.327] [INFO ] SUCCESS: All files were already uploaded. No action required.
[2026-02-26 15:51:37.343] [INFO ] SUCCESS: All files were already uploaded. No action required.
[2026-02-26 15:51:42.354] [INFO ] SUCCESS: All files were already uploaded. No action required.
[2026-02-26 15:51:47.358] [INFO ] SUCCESS: All files were already uploaded. No action required.
[2026-02-26 15:51:52.367] [INFO ] SUCCESS: All files were already uploaded. No action required.
[2026-02-26 15:51:57.385] [INFO ] SUCCESS: All files were already uploaded. No action required.
[2026-02-26 15:52:02.400] [INFO ] SUCCESS: All files were already uploaded. No action required.
[2026-02-26 15:52:07.408] [INFO ] SUCCESS: All files were already uploaded. No action required.
[2026-02-26 15:52:12.416] [INFO ] SUCCESS: All files were already uploaded. No action required.
[2026-02-26 15:52:17.421] [INFO ] SUCCESS: All files were already uploaded. No action required.
[2026-02-26 15:52:22.428] [INFO ] SUCCESS: All files were already uploaded. No action required.
[2026-02-26 15:52:27.431] [INFO ] SUCCESS: All files were already uploaded. No action required.
[2026-02-26 15:52:32.446] [INFO ] SUCCESS: All files were already uploaded. No action required.
[2026-02-26 15:52:37.452] [WARN ] INVALID FILE NAME. Must start with 'CPL-PSU-'. File: ~$CPL-PSU-PSU34IN53202PDB090126PS000174_FAIL.xlsx
[2026-02-26 15:52:37.454] [INFO ] SUCCESS: All files were already uploaded. No action required.
[2026-02-26 15:52:42.458] [INFO ] SUCCESS: All files were already uploaded. No action required.
[2026-02-26 15:52:47.462] [INFO ] SUCCESS: All files were already uploaded. No action required.
[2026-02-26 15:52:52.468] [INFO ] SUCCESS: All files were already uploaded. No action required.
[2026-02-26 15:52:57.489] [INFO ] SUCCESS: All files were already uploaded. No action required.
[2026-02-26 15:53:02.501] [INFO ] SUCCESS: All files were already uploaded. No action required.
[2026-02-26 15:53:07.507] [INFO ] SUCCESS: All files were already uploaded. No action required.
[2026-02-26 15:53:12.522] [INFO ] SUCCESS: All files were already uploaded. No action required.
[2026-02-26 15:53:17.525] [INFO ] SUCCESS: All files were already uploaded. No action required.
[2026-02-26 15:53:22.532] [INFO ] SUCCESS: All files were already uploaded. No action required.
[2026-02-26 15:53:27.536] [INFO ] SUCCESS: All files were already uploaded. No action required.
[2026-02-26 15:53:32.551] [INFO ] SUCCESS: All files were already uploaded. No action required.
[2026-02-26 15:53:37.569] [INFO ] SUCCESS: All files were already uploaded. No action required.
[2026-02-26 15:53:42.583] [INFO ] SUCCESS: All files were already uploaded. No action required.
[2026-02-26 15:53:47.621] [INFO ] SUCCESS: All files were already uploaded. No action required.
[2026-02-26 15:53:51.977] [ERROR] Producer error: cpl-db.comminent.com:29092/bootstrap: Connection closed
[2026-02-26 15:53:52.633] [INFO ] SUCCESS: All files were already uploaded. No action required.
[2026-02-26 15:53:57.641] [INFO ] SUCCESS: All files were already uploaded. No action required.
[2026-02-26 15:54:02.651] [INFO ] SUCCESS: All files were already uploaded. No action required.
[2026-02-26 15:54:07.660] [INFO ] SUCCESS: All files were already uploaded. No action required.
[2026-02-26 15:54:12.668] [INFO ] SUCCESS: All files were already uploaded. No action required.
[2026-02-26 15:54:17.672] [INFO ] SUCCESS: All files were already uploaded. No action required.
[2026-02-26 15:54:22.686] [INFO ] SUCCESS: All files were already uploaded. No action required.
[2026-02-26 15:54:27.700] [INFO ] SUCCESS: All files were already uploaded. No action required.
[2026-02-26 15:54:32.704] [INFO ] SUCCESS: All files were already uploaded. No action required.
[2026-02-26 15:54:37.719] [INFO ] SUCCESS: All files were already uploaded. No action required.
[2026-02-26 15:54:42.737] [INFO ] SUCCESS: All files were already uploaded. No action required.
[2026-02-26 15:54:47.752] [INFO ] SUCCESS: All files were already uploaded. No action required.
[2026-02-26 15:54:52.758] [INFO ] SUCCESS: All files were already uploaded. No action required.
[2026-02-26 15:54:57.771] [INFO ] SUCCESS: All files were already uploaded. No action required.
[2026-02-26 15:55:02.779] [INFO ] SUCCESS: All files were already uploaded. No action required.
[2026-02-26 15:55:07.787] [INFO ] SUCCESS: All files were already uploaded. No action required.
[2026-02-26 15:55:12.794] [INFO ] SUCCESS: All files were already uploaded. No action required.
[2026-02-26 15:55:17.811] [INFO ] SUCCESS: All files were already uploaded. No action required.
[2026-02-26 15:55:22.817] [INFO ] SUCCESS: All files were already uploaded. No action required.
[2026-02-26 15:55:27.827] [INFO ] SUCCESS: All files were already uploaded. No action required.
[2026-02-26 15:55:32.845] [INFO ] SUCCESS: All files were already uploaded. No action required.
[2026-02-26 15:55:37.864] [INFO ] SUCCESS: All files were already uploaded. No action required.
[2026-02-26 15:55:42.879] [INFO ] SUCCESS: All files were already uploaded. No action required.
[2026-02-26 15:55:47.895] [INFO ] SUCCESS: All files were already uploaded. No action required.
[2026-02-26 15:55:52.907] [INFO ] SUCCESS: All files were already uploaded. No action required.
[2026-02-26 15:55:57.919] [INFO ] SUCCESS: All files were already uploaded. No action required.
[2026-02-26 15:56:02.921] [INFO ] SUCCESS: All files were already uploaded. No action required.
[2026-02-26 15:56:07.925] [INFO ] SUCCESS: All files were already uploaded. No action required.
[2026-02-26 15:56:12.934] [INFO ] SUCCESS: All files were already uploaded. No action required.
[2026-02-26 15:56:17.942] [INFO ] SUCCESS: All files were already uploaded. No action required.
[2026-02-26 15:56:22.945] [INFO ] SUCCESS: All files were already uploaded. No action required.
[2026-02-26 15:56:27.956] [INFO ] SUCCESS: All files were already uploaded. No action required.
[2026-02-26 15:56:32.965] [INFO ] SUCCESS: All files were already uploaded. No action required.
[2026-02-26 15:56:37.982] [INFO ] SUCCESS: All files were already uploaded. No action required.
[2026-02-26 15:56:42.988] [INFO ] SUCCESS: All files were already uploaded. No action required.
[2026-02-26 15:56:48.003] [INFO ] SUCCESS: All files were already uploaded. No action required.
[2026-02-26 15:56:53.015] [INFO ] SUCCESS: All files were already uploaded. No action required.
[2026-02-26 15:56:58.025] [INFO ] SUCCESS: All files were already uploaded. No action required.
[2026-02-26 15:57:03.041] [INFO ] SUCCESS: All files were already uploaded. No action required.
[2026-02-26 15:57:08.052] [INFO ] SUCCESS: All files were already uploaded. No action required.
[2026-02-26 15:57:13.062] [INFO ] SUCCESS: All files were already uploaded. No action required.
[2026-02-26 15:57:18.070] [INFO ] SUCCESS: All files were already uploaded. No action required.
[2026-02-26 15:57:23.077] [INFO ] SUCCESS: All files were already uploaded. No action required.
[2026-02-26 15:57:28.087] [INFO ] SUCCESS: All files were already uploaded. No action required.
[2026-02-26 15:57:33.099] [INFO ] SUCCESS: All files were already uploaded. No action required.
[2026-02-26 15:57:38.116] [INFO ] SUCCESS: All files were already uploaded. No action required.
[2026-02-26 15:57:43.125] [INFO ] SUCCESS: All files were already uploaded. No action required.
[2026-02-26 15:57:48.141] [INFO ] SUCCESS: All files were already uploaded. No action required.
[2026-02-26 15:57:53.149] [INFO ] SUCCESS: All files were already uploaded. No action required.
[2026-02-26 15:57:58.153] [INFO ] SUCCESS: All files were already uploaded. No action required.
[2026-02-26 15:58:03.161] [INFO ] SUCCESS: All files were already uploaded. No action required.
[2026-02-26 15:58:08.179] [INFO ] SUCCESS: All files were already uploaded. No action required.
[2026-02-26 15:58:13.192] [INFO ] SUCCESS: All files were already uploaded. No action required.
[2026-02-26 15:58:18.198] [INFO ] SUCCESS: All files were already uploaded. No action required.
[2026-02-26 15:58:23.204] [INFO ] SUCCESS: All files were already uploaded. No action required.
[2026-02-26 15:58:28.218] [INFO ] SUCCESS: All files were already uploaded. No action required.
[2026-02-26 15:58:33.231] [INFO ] SUCCESS: All files were already uploaded. No action required.
[2026-02-26 15:58:38.246] [INFO ] SUCCESS: All files were already uploaded. No action required.
[2026-02-26 15:58:43.258] [INFO ] SUCCESS: All files were already uploaded. No action required.
[2026-02-26 15:58:48.266] [INFO ] SUCCESS: All files were already uploaded. No action required.
[2026-02-26 15:58:53.279] [INFO ] SUCCESS: All files were already uploaded. No action required.
[2026-02-26 15:58:58.294] [INFO ] SUCCESS: All files were already uploaded. No action required.
[2026-02-26 15:59:03.307] [INFO ] SUCCESS: All files were already uploaded. No action required.
[2026-02-26 15:59:08.310] [INFO ] SUCCESS: All files were already uploaded. No action required.
[2026-02-26 15:59:10.924] [ERROR] Producer error: cpl-db.comminent.com:29092/bootstrap: Connection closed
[2026-02-26 15:59:13.319] [INFO ] SUCCESS: All files were already uploaded. No action required.
[2026-02-26 15:59:18.344] [INFO ] SUCCESS: All files were already uploaded. No action required.
[2026-02-26 15:59:23.362] [INFO ] SUCCESS: All files were already uploaded. No action required.
[2026-02-26 15:59:28.365] [INFO ] SUCCESS: All files were already uploaded. No action required.
[2026-02-26 15:59:33.374] [INFO ] SUCCESS: All files were already uploaded. No action required.
[2026-02-26 15:59:38.383] [INFO ] SUCCESS: All files were already uploaded. No action required.
[2026-02-26 15:59:43.395] [INFO ] SUCCESS: All files were already uploaded. No action required.
[2026-02-26 15:59:48.409] [INFO ] SUCCESS: All files were already uploaded. No action required.
[2026-02-26 15:59:53.414] [INFO ] SUCCESS: All files were already uploaded. No action required.
[2026-02-26 15:59:58.423] [INFO ] SUCCESS: All files were already uploaded. No action required.
[2026-02-26 16:00:03.426] [INFO ] SUCCESS: All files were already uploaded. No action required.
[2026-02-26 16:00:08.437] [INFO ] SUCCESS: All files were already uploaded. No action required.
[2026-02-26 16:00:13.449] [INFO ] SUCCESS: All files were already uploaded. No action required.
[2026-02-26 16:00:18.453] [INFO ] SUCCESS: All files were already uploaded. No action required.
[2026-02-26 16:00:23.456] [INFO ] SUCCESS: All files were already uploaded. No action required.
[2026-02-26 16:00:28.467] [INFO ] SUCCESS: All files were already uploaded. No action required.
[2026-02-26 16:00:33.476] [INFO ] SUCCESS: All files were already uploaded. No action required.
[2026-02-26 16:00:38.492] [INFO ] SUCCESS: All files were already uploaded. No action required.
[2026-02-26 16:00:43.501] [INFO ] SUCCESS: All files were already uploaded. No action required.
[2026-02-26 16:00:48.507] [INFO ] SUCCESS: All files were already uploaded. No action required.
[2026-02-26 16:00:53.512] [INFO ] SUCCESS: All files were already uploaded. No action required.
[2026-02-26 16:00:58.521] [INFO ] SUCCESS: All files were already uploaded. No action required.
[2026-02-26 16:01:03.538] [INFO ] SUCCESS: All files were already uploaded. No action required.
[2026-02-26 16:01:08.554] [INFO ] SUCCESS: All files were already uploaded. No action required.
[2026-02-26 16:01:13.567] [INFO ] SUCCESS: All files were already uploaded. No action required.
[2026-02-26 16:01:18.576] [INFO ] SUCCESS: All files were already uploaded. No action required.
[2026-02-26 16:01:23.581] [INFO ] SUCCESS: All files were already uploaded. No action required.
[2026-02-26 16:01:28.598] [INFO ] SUCCESS: All files were already uploaded. No action required.
[2026-02-26 16:01:33.605] [INFO ] SUCCESS: All files were already uploaded. No action required.
[2026-02-26 16:01:38.610] [INFO ] SUCCESS: All files were already uploaded. No action required.
[2026-02-26 16:01:43.618] [INFO ] SUCCESS: All files were already uploaded. No action required.
[2026-02-26 16:01:48.626] [INFO ] SUCCESS: All files were already uploaded. No action required.
[2026-02-26 16:01:53.638] [INFO ] SUCCESS: All files were already uploaded. No action required.
[2026-02-26 16:01:58.649] [INFO ] SUCCESS: All files were already uploaded. No action required.
[2026-02-26 16:02:03.657] [INFO ] SUCCESS: All files were already uploaded. No action required.
[2026-02-26 16:02:08.672] [INFO ] SUCCESS: All files were already uploaded. No action required.
[2026-02-26 16:02:13.679] [INFO ] SUCCESS: All files were already uploaded. No action required.
[2026-02-26 16:02:18.691] [INFO ] SUCCESS: All files were already uploaded. No action required.
[2026-02-26 16:02:23.709] [INFO ] SUCCESS: All files were already uploaded. No action required.
[2026-02-26 16:02:28.721] [INFO ] SUCCESS: All files were already uploaded. No action required.
[2026-02-26 16:09:15.687] [ERROR] Producer error: cpl-db.comminent.com:29092/bootstrap: Connection closed
[2026-02-26 16:09:35.540] [INFO ] Message payload suppressed (length=11949)
[2026-02-26 16:09:36.628] [INFO ] Message payload suppressed (length=11985)
[2026-02-26 16:09:36.629] [INFO ] SUCCESS: All pending log files uploaded to CPL Engine Server.
[2026-02-26 16:09:41.645] [INFO ] SUCCESS: All files were already uploaded. No action required.
[2026-02-26 16:09:46.653] [INFO ] SUCCESS: All files were already uploaded. No action required.
[2026-02-26 16:09:51.659] [INFO ] SUCCESS: All files were already uploaded. No action required.
[2026-02-26 16:09:56.665] [WARN ] INVALID FILE NAME. Must start with 'CPL-PSU-'. File: ~$CPL-PSU-PSU34IN53202PDB090126PS000175_FAIL.xlsx
[2026-02-26 16:09:56.667] [INFO ] SUCCESS: All files were already uploaded. No action required.
[2026-02-26 16:10:01.677] [INFO ] SUCCESS: All files were already uploaded. No action required.
[2026-02-26 16:10:06.681] [INFO ] SUCCESS: All files were already uploaded. No action required.
[2026-02-26 16:10:11.690] [INFO ] SUCCESS: All files were already uploaded. No action required.
[2026-02-26 16:10:16.696] [INFO ] SUCCESS: All files were already uploaded. No action required.
[2026-02-26 16:10:21.706] [INFO ] SUCCESS: All files were already uploaded. No action required.
[2026-02-26 16:10:26.722] [INFO ] SUCCESS: All files were already uploaded. No action required.
[2026-02-26 16:10:31.740] [INFO ] SUCCESS: All files were already uploaded. No action required.
[2026-02-26 16:10:36.750] [INFO ] SUCCESS: All files were already uploaded. No action required.
[2026-02-26 16:10:41.762] [INFO ] SUCCESS: All files were already uploaded. No action required.
[2026-02-26 16:10:46.769] [INFO ] SUCCESS: All files were already uploaded. No action required.
[2026-02-26 16:10:51.775] [INFO ] SUCCESS: All files were already uploaded. No action required.
[2026-02-26 16:10:56.782] [INFO ] SUCCESS: All files were already uploaded. No action required.
[2026-02-26 16:11:01.790] [INFO ] SUCCESS: All files were already uploaded. No action required.
[2026-02-26 16:11:06.798] [INFO ] SUCCESS: All files were already uploaded. No action required.
[2026-02-26 16:11:11.815] [INFO ] SUCCESS: All files were already uploaded. No action required.
[2026-02-26 16:11:16.830] [INFO ] SUCCESS: All files were already uploaded. No action required.
[2026-02-26 16:11:21.833] [INFO ] SUCCESS: All files were already uploaded. No action required.
[2026-02-26 16:11:26.844] [INFO ] SUCCESS: All files were already uploaded. No action required.
[2026-02-26 16:11:31.849] [INFO ] SUCCESS: All files were already uploaded. No action required.
[2026-02-26 16:11:36.866] [INFO ] SUCCESS: All files were already uploaded. No action required.
[2026-02-26 16:11:41.883] [INFO ] SUCCESS: All files were already uploaded. No action required.
[2026-02-26 16:11:46.900] [INFO ] SUCCESS: All files were already uploaded. No action required.
[2026-02-26 16:11:51.913] [INFO ] SUCCESS: All files were already uploaded. No action required.
[2026-02-26 16:11:56.925] [INFO ] SUCCESS: All files were already uploaded. No action required.
[2026-02-26 16:12:01.938] [INFO ] SUCCESS: All files were already uploaded. No action required.
[2026-02-26 16:12:06.952] [INFO ] SUCCESS: All files were already uploaded. No action required.
[2026-02-26 16:12:11.961] [INFO ] SUCCESS: All files were already uploaded. No action required.
[2026-02-26 16:12:16.974] [INFO ] SUCCESS: All files were already uploaded. No action required.
[2026-02-26 16:12:21.982] [INFO ] SUCCESS: All files were already uploaded. No action required.
[2026-02-26 16:12:26.987] [INFO ] SUCCESS: All files were already uploaded. No action required.
[2026-02-26 16:12:31.999] [INFO ] SUCCESS: All files were already uploaded. No action required.
[2026-02-26 16:12:37.004] [INFO ] SUCCESS: All files were already uploaded. No action required.
[2026-02-26 16:12:42.019] [INFO ] SUCCESS: All files were already uploaded. No action required.
[2026-02-26 16:12:47.029] [INFO ] SUCCESS: All files were already uploaded. No action required.
[2026-02-26 16:12:52.036] [INFO ] SUCCESS: All files were already uploaded. No action required.
[2026-02-26 16:12:57.045] [INFO ] SUCCESS: All files were already uploaded. No action required.
[2026-02-26 16:13:02.062] [INFO ] SUCCESS: All files were already uploaded. No action required.
[2026-02-26 16:13:07.077] [INFO ] SUCCESS: All files were already uploaded. No action required.
[2026-02-26 16:13:12.088] [INFO ] SUCCESS: All files were already uploaded. No action required.
[2026-02-26 16:13:17.095] [WARN ] INVALID FILE NAME. Must start with 'CPL-PSU-'. File: ~$CPL-PSU-PSU34IN53202PDB090126PS000174_FAIL.xlsx
[2026-02-26 16:13:17.097] [INFO ] SUCCESS: All files were already uploaded. No action required.
[2026-02-26 16:13:22.108] [INFO ] SUCCESS: All files were already uploaded. No action required.
[2026-02-26 16:13:27.112] [INFO ] SUCCESS: All files were already uploaded. No action required.
[2026-02-26 16:13:32.157] [INFO ] SUCCESS: All files were already uploaded. No action required.
[2026-02-26 16:13:37.166] [INFO ] SUCCESS: All files were already uploaded. No action required.
[2026-02-26 16:13:42.182] [INFO ] SUCCESS: All files were already uploaded. No action required.
[2026-02-26 16:13:47.195] [INFO ] SUCCESS: All files were already uploaded. No action required.
[2026-02-26 16:13:52.211] [INFO ] SUCCESS: All files were already uploaded. No action required.
[2026-02-26 16:13:57.231] [INFO ] SUCCESS: All files were already uploaded. No action required.
[2026-02-26 16:14:02.252] [INFO ] SUCCESS: All files were already uploaded. No action required.
[2026-02-26 16:14:07.262] [INFO ] SUCCESS: All files were already uploaded. No action required.
[2026-02-26 16:14:12.268] [INFO ] SUCCESS: All files were already uploaded. No action required.
===========================================
CPL Engine Client - Log File
Date: 2026-02-26
Started: 16:14:24
Location: D:\SURYA\.DEVELOPMENT\.PROJECTS\Project No XXX_PCB_Tester Comminent\Comminent PCB Tester\Comminent-PCB-Tester\src\core\dlls\logs
===========================================

[2026-02-26 16:14:24.974] [LOGSENDER] Background log upload monitor started
[2026-02-26 16:14:24.976] [LOGSENDER] Background services initialized
[2026-02-26 16:14:24.976] [LOGGER] Current LogLevel is Info
[2026-02-26 16:14:25.090] [INFO ] [LogSenderBlockingMonitor] Initialized | Folders=1 | Interval=5s
[2026-02-26 16:14:25.124] [INFO ] [LogSenderBlockingMonitor] RUN started
[2026-02-26 16:14:25.132] [INFO ] SUCCESS: All files were already uploaded. No action required.
[2026-02-26 16:14:30.137] [INFO ] SUCCESS: All files were already uploaded. No action required.
===========================================
CPL Engine Client - Log File
Date: 2026-02-26
Started: 16:15:26
Location: D:\SURYA\.DEVELOPMENT\.PROJECTS\Project No XXX_PCB_Tester Comminent\Comminent PCB Tester\Comminent-PCB-Tester\src\core\dlls\logs
===========================================

[2026-02-26 16:15:26.906] [LOGSENDER] Background log upload monitor started
[2026-02-26 16:15:26.906] [LOGSENDER] Background services initialized
[2026-02-26 16:15:26.907] [LOGGER] Current LogLevel is Info
[2026-02-26 16:15:27.025] [INFO ] [LogSenderBlockingMonitor] Initialized | Folders=1 | Interval=5s
[2026-02-26 16:15:27.028] [INFO ] [LogSenderBlockingMonitor] RUN started
[2026-02-26 16:15:27.037] [INFO ] SUCCESS: All files were already uploaded. No action required.
[2026-02-26 16:15:32.048] [INFO ] SUCCESS: All files were already uploaded. No action required.
[2026-02-26 16:15:37.050] [INFO ] SUCCESS: All files were already uploaded. No action required.
[2026-02-26 16:15:42.059] [INFO ] SUCCESS: All files were already uploaded. No action required.
[2026-02-26 16:15:47.062] [INFO ] SUCCESS: All files were already uploaded. No action required.
[2026-02-26 16:15:52.067] [INFO ] SUCCESS: All files were already uploaded. No action required.
[2026-02-26 16:15:57.072] [INFO ] SUCCESS: All files were already uploaded. No action required.
[2026-02-26 16:16:02.083] [INFO ] SUCCESS: All files were already uploaded. No action required.
[2026-02-26 16:16:07.099] [INFO ] SUCCESS: All files were already uploaded. No action required.
[2026-02-26 16:16:12.106] [INFO ] SUCCESS: All files were already uploaded. No action required.
[2026-02-26 16:16:17.122] [INFO ] SUCCESS: All files were already uploaded. No action required.
[2026-02-26 16:16:22.132] [INFO ] SUCCESS: All files were already uploaded. No action required.
[2026-02-26 16:16:27.142] [INFO ] SUCCESS: All files were already uploaded. No action required.
[2026-02-26 16:16:32.147] [INFO ] SUCCESS: All files were already uploaded. No action required.
[2026-02-26 16:16:37.151] [INFO ] SUCCESS: All files were already uploaded. No action required.
[2026-02-26 16:16:42.166] [INFO ] SUCCESS: All files were already uploaded. No action required.
[2026-02-26 16:16:47.170] [INFO ] SUCCESS: All files were already uploaded. No action required.
[2026-02-26 16:16:52.181] [INFO ] SUCCESS: All files were already uploaded. No action required.
[2026-02-26 16:16:57.190] [INFO ] SUCCESS: All files were already uploaded. No action required.
[2026-02-26 16:17:02.203] [INFO ] SUCCESS: All files were already uploaded. No action required.
[2026-02-26 16:17:07.215] [INFO ] SUCCESS: All files were already uploaded. No action required.
[2026-02-26 16:17:12.220] [INFO ] SUCCESS: All files were already uploaded. No action required.
[2026-02-26 16:17:17.232] [INFO ] SUCCESS: All files were already uploaded. No action required.
[2026-02-26 16:17:22.243] [INFO ] SUCCESS: All files were already uploaded. No action required.
[2026-02-26 16:17:27.259] [INFO ] SUCCESS: All files were already uploaded. No action required.
[2026-02-26 16:17:32.267] [INFO ] SUCCESS: All files were already uploaded. No action required.
[2026-02-26 16:17:37.272] [INFO ] SUCCESS: All files were already uploaded. No action required.
[2026-02-26 16:17:42.279] [INFO ] SUCCESS: All files were already uploaded. No action required.
[2026-02-26 16:17:47.281] [INFO ] SUCCESS: All files were already uploaded. No action required.
[2026-02-26 16:17:52.287] [INFO ] SUCCESS: All files were already uploaded. No action required.
[2026-02-26 16:17:57.290] [INFO ] SUCCESS: All files were already uploaded. No action required.
[2026-02-26 16:18:02.297] [INFO ] SUCCESS: All files were already uploaded. No action required.
[2026-02-26 16:18:07.306] [INFO ] SUCCESS: All files were already uploaded. No action required.
[2026-02-26 16:18:12.316] [INFO ] SUCCESS: All files were already uploaded. No action required.
[2026-02-26 16:18:17.322] [INFO ] SUCCESS: All files were already uploaded. No action required.
[2026-02-26 16:18:22.337] [INFO ] SUCCESS: All files were already uploaded. No action required.
[2026-02-26 16:18:27.339] [INFO ] SUCCESS: All files were already uploaded. No action required.
[2026-02-26 16:18:32.355] [INFO ] SUCCESS: All files were already uploaded. No action required.
[2026-02-26 16:18:37.366] [INFO ] SUCCESS: All files were already uploaded. No action required.
[2026-02-26 16:18:42.382] [INFO ] SUCCESS: All files were already uploaded. No action required.
[2026-02-26 16:18:47.386] [INFO ] SUCCESS: All files were already uploaded. No action required.
[2026-02-26 16:18:52.392] [INFO ] SUCCESS: All files were already uploaded. No action required.
[2026-02-26 16:18:57.407] [INFO ] SUCCESS: All files were already uploaded. No action required.
[2026-02-26 16:19:02.415] [INFO ] SUCCESS: All files were already uploaded. No action required.
[2026-02-26 16:19:07.424] [INFO ] SUCCESS: All files were already uploaded. No action required.
[2026-02-26 16:19:12.427] [INFO ] SUCCESS: All files were already uploaded. No action required.
[2026-02-26 16:19:17.439] [INFO ] SUCCESS: All files were already uploaded. No action required.
[2026-02-26 16:19:22.449] [INFO ] SUCCESS: All files were already uploaded. No action required.
[2026-02-26 16:19:27.454] [INFO ] SUCCESS: All files were already uploaded. No action required.
[2026-02-26 16:19:32.468] [INFO ] SUCCESS: All files were already uploaded. No action required.
[2026-02-26 16:19:37.471] [INFO ] SUCCESS: All files were already uploaded. No action required.
[2026-02-26 16:19:42.479] [INFO ] SUCCESS: All files were already uploaded. No action required.
[2026-02-26 16:19:47.483] [INFO ] SUCCESS: All files were already uploaded. No action required.
[2026-02-26 16:19:52.489] [INFO ] SUCCESS: All files were already uploaded. No action required.
[2026-02-26 16:19:57.497] [INFO ] SUCCESS: All files were already uploaded. No action required.
[2026-02-26 16:20:02.504] [INFO ] SUCCESS: All files were already uploaded. No action required.
[2026-02-26 16:20:07.510] [INFO ] SUCCESS: All files were already uploaded. No action required.
[2026-02-26 16:20:12.515] [INFO ] SUCCESS: All files were already uploaded. No action required.
[2026-02-26 16:20:17.531] [INFO ] SUCCESS: All files were already uploaded. No action required.
[2026-02-26 16:20:22.534] [INFO ] SUCCESS: All files were already uploaded. No action required.
[2026-02-26 16:20:27.536] [INFO ] SUCCESS: All files were already uploaded. No action required.
[2026-02-26 16:20:32.546] [INFO ] SUCCESS: All files were already uploaded. No action required.
[2026-02-26 16:20:37.560] [INFO ] SUCCESS: All files were already uploaded. No action required.
[2026-02-26 16:20:42.568] [INFO ] SUCCESS: All files were already uploaded. No action required.
[2026-02-26 16:20:47.572] [INFO ] SUCCESS: All files were already uploaded. No action required.
[2026-02-26 16:20:52.585] [INFO ] SUCCESS: All files were already uploaded. No action required.
[2026-02-26 16:20:57.602] [INFO ] SUCCESS: All files were already uploaded. No action required.
[2026-02-26 16:21:02.982] [ERROR] Producer error: cpl-db.comminent.com:29092/bootstrap: Connect to ipv6#[2406:da1a:d37:9201:b303:e6f1:28e:a2e0]:29092 failed: Unknown error
[2026-02-26 16:21:02.983] [ERROR] Producer error: 1/1 brokers are down
[2026-02-26 16:21:04.160] [INFO ] Message payload suppressed (length=11905)
[2026-02-26 16:21:05.203] [INFO ] Message payload suppressed (length=11917)
[2026-02-26 16:21:05.204] [INFO ] SUCCESS: All pending log files uploaded to CPL Engine Server.
[2026-02-26 16:21:10.218] [INFO ] SUCCESS: All files were already uploaded. No action required.
[2026-02-26 16:21:15.226] [INFO ] SUCCESS: All files were already uploaded. No action required.
[2026-02-26 16:21:20.234] [INFO ] SUCCESS: All files were already uploaded. No action required.
[2026-02-26 16:21:25.251] [INFO ] SUCCESS: All files were already uploaded. No action required.
[2026-02-26 16:21:30.263] [WARN ] INVALID FILE NAME. Must start with 'CPL-PSU-'. File: ~$CPL-PSU-PSU34IN53202PDB090126PS000175_PASS.xlsx
[2026-02-26 16:21:30.265] [INFO ] SUCCESS: All files were already uploaded. No action required.
[2026-02-26 16:21:35.284] [INFO ] SUCCESS: All files were already uploaded. No action required.
[2026-02-26 16:21:40.287] [INFO ] SUCCESS: All files were already uploaded. No action required.
[2026-02-26 16:21:45.290] [INFO ] SUCCESS: All files were already uploaded. No action required.
[2026-02-26 16:21:50.309] [INFO ] SUCCESS: All files were already uploaded. No action required.
[2026-02-26 16:21:55.314] [INFO ] SUCCESS: All files were already uploaded. No action required.
[2026-02-26 16:22:00.323] [INFO ] SUCCESS: All files were already uploaded. No action required.
[2026-02-26 16:22:05.341] [INFO ] SUCCESS: All files were already uploaded. No action required.
[2026-02-26 16:22:10.355] [INFO ] SUCCESS: All files were already uploaded. No action required.
[2026-02-26 16:22:15.361] [INFO ] SUCCESS: All files were already uploaded. No action required.
[2026-02-26 16:22:20.368] [INFO ] SUCCESS: All files were already uploaded. No action required.
[2026-02-26 16:22:25.376] [INFO ] SUCCESS: All files were already uploaded. No action required.
[2026-02-26 16:22:30.385] [INFO ] SUCCESS: All files were already uploaded. No action required.
[2026-02-26 16:22:35.392] [INFO ] SUCCESS: All files were already uploaded. No action required.
[2026-02-26 16:22:40.410] [INFO ] SUCCESS: All files were already uploaded. No action required.
[2026-02-26 16:22:45.426] [INFO ] SUCCESS: All files were already uploaded. No action required.
[2026-02-26 16:22:50.444] [INFO ] SUCCESS: All files were already uploaded. No action required.
[2026-02-26 16:23:08.759] [INFO ] SUCCESS: All files were already uploaded. No action required.
[2026-02-26 16:31:05.116] [ERROR] Producer error: 3.7.185.87:29092/1: Connection closed
[2026-02-26 16:31:05.118] [ERROR] Producer error: 2/2 brokers are down
[2026-02-26 16:31:05.136] [ERROR] Producer error: cpl-db.comminent.com:29092/bootstrap: Connection closed
[2026-02-26 16:31:05.284] [ERROR] Producer error: cpl-db.comminent.com:29092/bootstrap: Failed to resolve 'cpl-db.comminent.com:29092': The requested name is valid, but no data of the requested type was found. 
[2026-02-26 16:31:05.338] [ERROR] Producer error: 3.7.185.87:29092/1: Connect to ipv4#3.7.185.87:29092 failed: Unknown error
[2026-02-26 16:31:05.751] [INFO ] SUCCESS: All files were already uploaded. No action required.
[2026-02-26 16:31:06.469] [ERROR] Producer error: 3.7.185.87:29092/1: Connect to ipv4#3.7.185.87:29092 failed: Unknown error
[2026-02-26 16:31:10.788] [INFO ] SUCCESS: All files were already uploaded. No action required.
[2026-02-26 16:31:15.857] [INFO ] SUCCESS: All files were already uploaded. No action required.
[2026-02-26 16:31:16.031] [ERROR] Producer error: cpl-db.comminent.com:29092/bootstrap: Connect to ipv6#[2406:da1a:d37:9201:b303:e6f1:28e:a2e0]:29092 failed: Unknown error
[2026-02-26 16:31:16.032] [ERROR] Producer error: 2/2 brokers are down
[2026-02-26 16:31:20.869] [INFO ] SUCCESS: All files were already uploaded. No action required.
[2026-02-26 16:31:25.884] [INFO ] SUCCESS: All files were already uploaded. No action required.
[2026-02-26 16:31:30.898] [INFO ] SUCCESS: All files were already uploaded. No action required.
[2026-02-26 16:31:35.907] [INFO ] SUCCESS: All files were already uploaded. No action required.
[2026-02-26 16:31:40.915] [INFO ] SUCCESS: All files were already uploaded. No action required.
[2026-02-26 16:31:45.922] [INFO ] SUCCESS: All files were already uploaded. No action required.
[2026-02-26 16:31:50.947] [INFO ] SUCCESS: All files were already uploaded. No action required.
[2026-02-26 16:31:56.001] [INFO ] SUCCESS: All files were already uploaded. No action required.
[2026-02-26 16:32:01.020] [INFO ] SUCCESS: All files were already uploaded. No action required.
[2026-02-26 16:32:06.035] [INFO ] SUCCESS: All files were already uploaded. No action required.
[2026-02-26 16:32:11.055] [INFO ] SUCCESS: All files were already uploaded. No action required.
[2026-02-26 16:32:16.069] [INFO ] SUCCESS: All files were already uploaded. No action required.
[2026-02-26 16:32:21.121] [INFO ] SUCCESS: All files were already uploaded. No action required.
[2026-02-26 16:32:26.132] [INFO ] SUCCESS: All files were already uploaded. No action required.
[2026-02-26 16:32:31.146] [INFO ] SUCCESS: All files were already uploaded. No action required.
[2026-02-26 16:32:36.165] [INFO ] SUCCESS: All files were already uploaded. No action required.
[2026-02-26 16:32:41.173] [INFO ] SUCCESS: All files were already uploaded. No action required.
[2026-02-26 16:32:46.188] [INFO ] SUCCESS: All files were already uploaded. No action required.
[2026-02-26 16:32:51.198] [INFO ] SUCCESS: All files were already uploaded. No action required.
[2026-02-26 16:32:56.212] [INFO ] SUCCESS: All files were already uploaded. No action required.
[2026-02-26 16:33:01.219] [INFO ] SUCCESS: All files were already uploaded. No action required.
[2026-02-26 16:33:06.235] [INFO ] SUCCESS: All files were already uploaded. No action required.
[2026-02-26 16:33:11.238] [INFO ] SUCCESS: All files were already uploaded. No action required.
[2026-02-26 16:33:16.242] [INFO ] SUCCESS: All files were already uploaded. No action required.
[2026-02-26 16:33:21.261] [INFO ] SUCCESS: All files were already uploaded. No action required.
[2026-02-26 16:33:26.279] [INFO ] SUCCESS: All files were already uploaded. No action required.
[2026-02-26 16:33:31.291] [INFO ] SUCCESS: All files were already uploaded. No action required.
[2026-02-26 16:33:36.303] [INFO ] SUCCESS: All files were already uploaded. No action required.
[2026-02-26 16:33:41.321] [INFO ] SUCCESS: All files were already uploaded. No action required.
[2026-02-26 16:33:46.331] [INFO ] SUCCESS: All files were already uploaded. No action required.
[2026-02-26 16:33:51.347] [INFO ] SUCCESS: All files were already uploaded. No action required.
[2026-02-26 16:33:56.381] [INFO ] SUCCESS: All files were already uploaded. No action required.
[2026-02-26 16:34:01.398] [INFO ] SUCCESS: All files were already uploaded. No action required.
[2026-02-26 16:34:06.404] [INFO ] SUCCESS: All files were already uploaded. No action required.
[2026-02-26 16:34:11.414] [INFO ] SUCCESS: All files were already uploaded. No action required.
[2026-02-26 16:34:16.432] [INFO ] SUCCESS: All files were already uploaded. No action required.
[2026-02-26 16:34:21.449] [INFO ] SUCCESS: All files were already uploaded. No action required.
[2026-02-26 16:34:26.465] [INFO ] SUCCESS: All files were already uploaded. No action required.
[2026-02-26 16:34:31.475] [INFO ] SUCCESS: All files were already uploaded. No action required.
[2026-02-26 16:34:36.481] [INFO ] SUCCESS: All files were already uploaded. No action required.
[2026-02-26 16:34:41.495] [INFO ] SUCCESS: All files were already uploaded. No action required.
[2026-02-26 16:34:46.503] [INFO ] SUCCESS: All files were already uploaded. No action required.
[2026-02-26 16:37:20.304] [INFO ] SUCCESS: All files were already uploaded. No action required.
[2026-02-26 16:37:25.325] [INFO ] SUCCESS: All files were already uploaded. No action required.
[2026-02-26 16:37:30.343] [INFO ] SUCCESS: All files were already uploaded. No action required.
[2026-02-26 16:37:35.363] [INFO ] SUCCESS: All files were already uploaded. No action required.
[2026-02-26 16:37:37.789] [ERROR] Producer error: cpl-db.comminent.com:29092/bootstrap: Connection closed
[2026-02-26 16:37:40.369] [INFO ] SUCCESS: All files were already uploaded. No action required.
[2026-02-26 16:37:45.385] [INFO ] SUCCESS: All files were already uploaded. No action required.
[2026-02-26 16:37:50.405] [INFO ] SUCCESS: All files were already uploaded. No action required.
[2026-02-26 16:37:55.423] [INFO ] SUCCESS: All files were already uploaded. No action required.
[2026-02-26 16:38:00.448] [INFO ] SUCCESS: All files were already uploaded. No action required.
[2026-02-26 16:38:05.475] [INFO ] SUCCESS: All files were already uploaded. No action required.
[2026-02-26 16:38:10.491] [INFO ] SUCCESS: All files were already uploaded. No action required.
[2026-02-26 16:38:15.542] [INFO ] SUCCESS: All files were already uploaded. No action required.
[2026-02-26 16:38:20.593] [INFO ] SUCCESS: All files were already uploaded. No action required.
[2026-02-26 16:38:25.603] [INFO ] SUCCESS: All files were already uploaded. No action required.
[2026-02-26 16:38:30.623] [INFO ] SUCCESS: All files were already uploaded. No action required.
[2026-02-26 16:38:35.640] [INFO ] SUCCESS: All files were already uploaded. No action required.
[2026-02-26 16:38:40.645] [INFO ] SUCCESS: All files were already uploaded. No action required.
[2026-02-26 16:38:45.665] [INFO ] SUCCESS: All files were already uploaded. No action required.
[2026-02-26 16:38:50.673] [INFO ] SUCCESS: All files were already uploaded. No action required.
[2026-02-26 16:38:55.688] [INFO ] SUCCESS: All files were already uploaded. No action required.
[2026-02-26 16:39:00.700] [INFO ] SUCCESS: All files were already uploaded. No action required.
[2026-02-26 16:39:05.720] [INFO ] SUCCESS: All files were already uploaded. No action required.
[2026-02-26 16:39:10.739] [INFO ] SUCCESS: All files were already uploaded. No action required.
[2026-02-26 16:39:15.749] [INFO ] SUCCESS: All files were already uploaded. No action required.
[2026-02-26 16:39:20.759] [INFO ] SUCCESS: All files were already uploaded. No action required.
[2026-02-26 16:39:25.776] [INFO ] SUCCESS: All files were already uploaded. No action required.
[2026-02-26 16:39:30.789] [INFO ] SUCCESS: All files were already uploaded. No action required.
[2026-02-26 16:39:35.809] [INFO ] SUCCESS: All files were already uploaded. No action required.
[2026-02-26 16:39:40.817] [INFO ] SUCCESS: All files were already uploaded. No action required.
[2026-02-26 16:39:45.824] [INFO ] SUCCESS: All files were already uploaded. No action required.
[2026-02-26 16:39:50.851] [INFO ] SUCCESS: All files were already uploaded. No action required.
[2026-02-26 16:39:55.874] [INFO ] SUCCESS: All files were already uploaded. No action required.
[2026-02-26 16:40:00.901] [INFO ] SUCCESS: All files were already uploaded. No action required.
[2026-02-26 16:40:05.919] [INFO ] SUCCESS: All files were already uploaded. No action required.
[2026-02-26 16:40:10.946] [INFO ] SUCCESS: All files were already uploaded. No action required.
[2026-02-26 16:40:15.967] [INFO ] SUCCESS: All files were already uploaded. No action required.
[2026-02-26 16:40:20.984] [INFO ] SUCCESS: All files were already uploaded. No action required.
[2026-02-26 16:40:25.997] [INFO ] SUCCESS: All files were already uploaded. No action required.
[2026-02-26 16:40:31.019] [INFO ] SUCCESS: All files were already uploaded. No action required.
[2026-02-26 16:40:36.028] [INFO ] SUCCESS: All files were already uploaded. No action required.
[2026-02-26 16:40:41.045] [INFO ] SUCCESS: All files were already uploaded. No action required.
[2026-02-26 16:40:46.052] [INFO ] SUCCESS: All files were already uploaded. No action required.
[2026-02-26 16:40:51.061] [INFO ] SUCCESS: All files were already uploaded. No action required.
[2026-02-26 16:40:56.072] [INFO ] SUCCESS: All files were already uploaded. No action required.
[2026-02-26 16:41:01.079] [INFO ] SUCCESS: All files were already uploaded. No action required.
[2026-02-26 16:41:06.086] [INFO ] SUCCESS: All files were already uploaded. No action required.
[2026-02-26 16:41:11.106] [INFO ] SUCCESS: All files were already uploaded. No action required.
[2026-02-26 16:41:16.122] [INFO ] SUCCESS: All files were already uploaded. No action required.
[2026-02-26 16:41:21.137] [INFO ] SUCCESS: All files were already uploaded. No action required.
[2026-02-26 16:41:26.149] [INFO ] SUCCESS: All files were already uploaded. No action required.
[2026-02-26 16:41:31.156] [INFO ] SUCCESS: All files were already uploaded. No action required.
[2026-02-26 16:41:36.163] [INFO ] SUCCESS: All files were already uploaded. No action required.
[2026-02-26 16:41:41.179] [INFO ] SUCCESS: All files were already uploaded. No action required.
[2026-02-26 16:41:46.194] [INFO ] SUCCESS: All files were already uploaded. No action required.
[2026-02-26 16:41:51.208] [INFO ] SUCCESS: All files were already uploaded. No action required.
[2026-02-26 16:41:56.221] [INFO ] SUCCESS: All files were already uploaded. No action required.
[2026-02-26 16:42:01.236] [INFO ] SUCCESS: All files were already uploaded. No action required.
